Release 14.7 Map P.20131013 (lin64)
Xilinx Mapping Report File for Design 'pong_top'

Design Information
------------------
Command Line   : map -intstyle ise -p xc6slx16-csg324-3 -w -logic_opt off -ol
high -t 1 -xt 0 -register_duplication off -r 4 -global_opt off -mt off -ir off
-pr off -lc off -power off -o pong_top_map.ncd pong_top.ngd pong_top.pcf 
Target Device  : xc6slx16
Target Package : csg324
Target Speed   : -3
Mapper Version : spartan6 -- $Revision: 1.55 $
Mapped Date    : Tue Jun 27 11:55:49 2017

Design Summary
--------------
Number of errors:      0
Number of warnings:    1
Slice Logic Utilization:
  Number of Slice Registers:                 1,341 out of  18,224    7%
    Number used as Flip Flops:               1,341
    Number used as Latches:                      0
    Number used as Latch-thrus:                  0
    Number used as AND/OR logics:                0
  Number of Slice LUTs:                      1,781 out of   9,112   19%
    Number used as logic:                    1,768 out of   9,112   19%
      Number using O6 output only:           1,321
      Number using O5 output only:             146
      Number using O5 and O6:                  301
      Number used as ROM:                        0
    Number used as Memory:                       0 out of   2,176    0%
    Number used exclusively as route-thrus:     13
      Number with same-slice register load:      5
      Number with same-slice carry load:         8
      Number with other load:                    0

Slice Logic Distribution:
  Number of occupied Slices:                   563 out of   2,278   24%
  Number of MUXCYs used:                       464 out of   4,556   10%
  Number of LUT Flip Flop pairs used:        1,872
    Number with an unused Flip Flop:           596 out of   1,872   31%
    Number with an unused LUT:                  91 out of   1,872    4%
    Number of fully used LUT-FF pairs:       1,185 out of   1,872   63%
    Number of unique control sets:              44
    Number of slice register sites lost
      to control set restrictions:             147 out of  18,224    1%

  A LUT Flip Flop pair for this architecture represents one LUT paired with
  one Flip Flop within a slice.  A control set is a unique combination of
  clock, reset, set, and enable signals for a registered element.
  The Slice Logic Distribution report is not meaningful if the design is
  over-mapped for a non-slice resource or if Placement fails.

IO Utilization:
  Number of bonded IOBs:                        79 out of     232   34%
    Number of LOCed IOBs:                       79 out of      79  100%

Specific Feature Utilization:
  Number of RAMB16BWERs:                         0 out of      32    0%
  Number of RAMB8BWERs:                          1 out of      64    1%
  Number of BUFIO2/BUFIO2_2CLKs:                 0 out of      32    0%
  Number of BUFIO2FB/BUFIO2FB_2CLKs:             0 out of      32    0%
  Number of BUFG/BUFGMUXs:                       2 out of      16   12%
    Number used as BUFGs:                        2
    Number used as BUFGMUX:                      0
  Number of DCM/DCM_CLKGENs:                     0 out of       4    0%
  Number of ILOGIC2/ISERDES2s:                   0 out of     248    0%
  Number of IODELAY2/IODRP2/IODRP2_MCBs:         0 out of     248    0%
  Number of OLOGIC2/OSERDES2s:                   0 out of     248    0%
  Number of BSCANs:                              0 out of       4    0%
  Number of BUFHs:                               0 out of     128    0%
  Number of BUFPLLs:                             0 out of       8    0%
  Number of BUFPLL_MCBs:                         0 out of       4    0%
  Number of DSP48A1s:                            0 out of      32    0%
  Number of ICAPs:                               0 out of       1    0%
  Number of MCBs:                                0 out of       2    0%
  Number of PCILOGICSEs:                         0 out of       2    0%
  Number of PLL_ADVs:                            0 out of       2    0%
  Number of PMVs:                                0 out of       1    0%
  Number of STARTUPs:                            0 out of       1    0%
  Number of SUSPEND_SYNCs:                       0 out of       1    0%

Average Fanout of Non-Clock Nets:                4.89

Peak Memory Usage:  859 MB
Total REAL time to MAP completion:  14 secs 
Total CPU time to MAP completion:   13 secs 

Table of Contents
-----------------
Section 1 - Errors
Section 2 - Warnings
Section 3 - Informational
Section 4 - Removed Logic Summary
Section 5 - Removed Logic
Section 6 - IOB Properties
Section 7 - RPMs
Section 8 - Guide Report
Section 9 - Area Group and Partition Summary
Section 10 - Timing Report
Section 11 - Configuration String Information
Section 12 - Control Set Information
Section 13 - Utilization by Hierarchy

Section 1 - Errors
------------------

Section 2 - Warnings
--------------------
WARNING:PhysDesignRules:2410 - This design is using one or more 9K Block RAMs
   (RAMB8BWER).  9K Block RAM initialization data, both user defined and
   default, may be incorrect and should not be used.  For more information,
   please reference Xilinx Answer Record 39999.

Section 3 - Informational
-------------------------
INFO:MapLib:562 - No environment variables are currently set.
INFO:LIT:244 - All of the single ended outputs in this design are using slew
   rate limited output drivers. The delay on speed critical single ended outputs
   can be dramatically reduced by designating them as fast outputs.
INFO:Pack:1716 - Initializing temperature to 85.000 Celsius. (default - Range:
   0.000 to 85.000 Celsius)
INFO:Pack:1720 - Initializing voltage to 1.140 Volts. (default - Range: 1.140 to
   1.260 Volts)
INFO:Map:215 - The Interim Design Summary has been generated in the MAP Report
   (.mrp).
INFO:Pack:1650 - Map created a placed design.

Section 4 - Removed Logic Summary
---------------------------------
   2 block(s) optimized away

Section 5 - Removed Logic
-------------------------

Optimized Block(s):
TYPE 		BLOCK
GND 		XST_GND
VCC 		XST_VCC

To enable printing of redundant blocks removed and signals merged, set the
detailed map report option and rerun map.

Section 6 - IOB Properties
--------------------------

+---------------------------------------------------------------------------------------------------------------------------------------------------------+
| IOB Name                           | Type             | Direction | IO Standard          | Diff  | Drive    | Slew | Reg (s)      | Resistor | IOB      |
|                                    |                  |           |                      | Term  | Strength | Rate |              |          | Delay    |
+---------------------------------------------------------------------------------------------------------------------------------------------------------+
| clk                                | IOB              | INPUT     | LVCMOS33             |       |          |      |              |          |          |
| i_ps2_clk                          | IOB              | INPUT     | LVCMOS33             |       |          |      |              | PULLUP   |          |
| i_ps2_data                         | IOB              | INPUT     | LVCMOS33             |       |          |      |              | PULLUP   |          |
| io_ram_dq<0>                       | IOB              | BIDIR     | LVCMOS33             |       | 12       | SLOW |              |          |          |
| io_ram_dq<1>                       | IOB              | BIDIR     | LVCMOS33             |       | 12       | SLOW |              |          |          |
| io_ram_dq<2>                       | IOB              | BIDIR     | LVCMOS33             |       | 12       | SLOW |              |          |          |
| io_ram_dq<3>                       | IOB              | BIDIR     | LVCMOS33             |       | 12       | SLOW |              |          |          |
| io_ram_dq<4>                       | IOB              | BIDIR     | LVCMOS33             |       | 12       | SLOW |              |          |          |
| io_ram_dq<5>                       | IOB              | BIDIR     | LVCMOS33             |       | 12       | SLOW |              |          |          |
| io_ram_dq<6>                       | IOB              | BIDIR     | LVCMOS33             |       | 12       | SLOW |              |          |          |
| io_ram_dq<7>                       | IOB              | BIDIR     | LVCMOS33             |       | 12       | SLOW |              |          |          |
| io_ram_dq<8>                       | IOB              | BIDIR     | LVCMOS33             |       | 12       | SLOW |              |          |          |
| io_ram_dq<9>                       | IOB              | BIDIR     | LVCMOS33             |       | 12       | SLOW |              |          |          |
| io_ram_dq<10>                      | IOB              | BIDIR     | LVCMOS33             |       | 12       | SLOW |              |          |          |
| io_ram_dq<11>                      | IOB              | BIDIR     | LVCMOS33             |       | 12       | SLOW |              |          |          |
| io_ram_dq<12>                      | IOB              | BIDIR     | LVCMOS33             |       | 12       | SLOW |              |          |          |
| io_ram_dq<13>                      | IOB              | BIDIR     | LVCMOS33             |       | 12       | SLOW |              |          |          |
| io_ram_dq<14>                      | IOB              | BIDIR     | LVCMOS33             |       | 12       | SLOW |              |          |          |
| io_ram_dq<15>                      | IOB              | BIDIR     | LVCMOS33             |       | 12       | SLOW |              |          |          |
| o_anodes<0>                        | IOB              | OUTPUT    | LVCMOS33             |       | 12       | SLOW |              |          |          |
| o_anodes<1>                        | IOB              | OUTPUT    | LVCMOS33             |       | 12       | SLOW |              |          |          |
| o_anodes<2>                        | IOB              | OUTPUT    | LVCMOS33             |       | 12       | SLOW |              |          |          |
| o_anodes<3>                        | IOB              | OUTPUT    | LVCMOS33             |       | 12       | SLOW |              |          |          |
| o_blue<0>                          | IOB              | OUTPUT    | LVCMOS33             |       | 12       | SLOW |              |          |          |
| o_blue<1>                          | IOB              | OUTPUT    | LVCMOS33             |       | 12       | SLOW |              |          |          |
| o_cathodes<0>                      | IOB              | OUTPUT    | LVCMOS33             |       | 12       | SLOW |              |          |          |
| o_cathodes<1>                      | IOB              | OUTPUT    | LVCMOS33             |       | 12       | SLOW |              |          |          |
| o_cathodes<2>                      | IOB              | OUTPUT    | LVCMOS33             |       | 12       | SLOW |              |          |          |
| o_cathodes<3>                      | IOB              | OUTPUT    | LVCMOS33             |       | 12       | SLOW |              |          |          |
| o_cathodes<4>                      | IOB              | OUTPUT    | LVCMOS33             |       | 12       | SLOW |              |          |          |
| o_cathodes<5>                      | IOB              | OUTPUT    | LVCMOS33             |       | 12       | SLOW |              |          |          |
| o_cathodes<6>                      | IOB              | OUTPUT    | LVCMOS33             |       | 12       | SLOW |              |          |          |
| o_cathodes<7>                      | IOB              | OUTPUT    | LVCMOS33             |       | 12       | SLOW |              |          |          |
| o_green<0>                         | IOB              | OUTPUT    | LVCMOS33             |       | 12       | SLOW |              |          |          |
| o_green<1>                         | IOB              | OUTPUT    | LVCMOS33             |       | 12       | SLOW |              |          |          |
| o_green<2>                         | IOB              | OUTPUT    | LVCMOS33             |       | 12       | SLOW |              |          |          |
| o_h_sync                           | IOB              | OUTPUT    | LVCMOS33             |       | 12       | SLOW |              |          |          |
| o_player_1_down                    | IOB              | OUTPUT    | LVCMOS33             |       | 12       | SLOW |              |          |          |
| o_player_1_up                      | IOB              | OUTPUT    | LVCMOS33             |       | 12       | SLOW |              |          |          |
| o_player_2_down                    | IOB              | OUTPUT    | LVCMOS33             |       | 12       | SLOW |              |          |          |
| o_player_2_up                      | IOB              | OUTPUT    | LVCMOS33             |       | 12       | SLOW |              |          |          |
| o_ram_address<1>                   | IOB              | OUTPUT    | LVCMOS33             |       | 12       | SLOW |              |          |          |
| o_ram_address<2>                   | IOB              | OUTPUT    | LVCMOS33             |       | 12       | SLOW |              |          |          |
| o_ram_address<3>                   | IOB              | OUTPUT    | LVCMOS33             |       | 12       | SLOW |              |          |          |
| o_ram_address<4>                   | IOB              | OUTPUT    | LVCMOS33             |       | 12       | SLOW |              |          |          |
| o_ram_address<5>                   | IOB              | OUTPUT    | LVCMOS33             |       | 12       | SLOW |              |          |          |
| o_ram_address<6>                   | IOB              | OUTPUT    | LVCMOS33             |       | 12       | SLOW |              |          |          |
| o_ram_address<7>                   | IOB              | OUTPUT    | LVCMOS33             |       | 12       | SLOW |              |          |          |
| o_ram_address<8>                   | IOB              | OUTPUT    | LVCMOS33             |       | 12       | SLOW |              |          |          |
| o_ram_address<9>                   | IOB              | OUTPUT    | LVCMOS33             |       | 12       | SLOW |              |          |          |
| o_ram_address<10>                  | IOB              | OUTPUT    | LVCMOS33             |       | 12       | SLOW |              |          |          |
| o_ram_address<11>                  | IOB              | OUTPUT    | LVCMOS33             |       | 12       | SLOW |              |          |          |
| o_ram_address<12>                  | IOB              | OUTPUT    | LVCMOS33             |       | 12       | SLOW |              |          |          |
| o_ram_address<13>                  | IOB              | OUTPUT    | LVCMOS33             |       | 12       | SLOW |              |          |          |
| o_ram_address<14>                  | IOB              | OUTPUT    | LVCMOS33             |       | 12       | SLOW |              |          |          |
| o_ram_address<15>                  | IOB              | OUTPUT    | LVCMOS33             |       | 12       | SLOW |              |          |          |
| o_ram_address<16>                  | IOB              | OUTPUT    | LVCMOS33             |       | 12       | SLOW |              |          |          |
| o_ram_address<17>                  | IOB              | OUTPUT    | LVCMOS33             |       | 12       | SLOW |              |          |          |
| o_ram_address<18>                  | IOB              | OUTPUT    | LVCMOS33             |       | 12       | SLOW |              |          |          |
| o_ram_address<19>                  | IOB              | OUTPUT    | LVCMOS33             |       | 12       | SLOW |              |          |          |
| o_ram_address<20>                  | IOB              | OUTPUT    | LVCMOS33             |       | 12       | SLOW |              |          |          |
| o_ram_address<21>                  | IOB              | OUTPUT    | LVCMOS33             |       | 12       | SLOW |              |          |          |
| o_ram_address<22>                  | IOB              | OUTPUT    | LVCMOS33             |       | 12       | SLOW |              |          |          |
| o_ram_address<23>                  | IOB              | OUTPUT    | LVCMOS33             |       | 12       | SLOW |              |          |          |
| o_ram_adv_neg                      | IOB              | OUTPUT    | LVCMOS33             |       | 12       | SLOW |              |          |          |
| o_ram_ce_neg                       | IOB              | OUTPUT    | LVCMOS33             |       | 12       | SLOW |              |          |          |
| o_ram_clk                          | IOB              | OUTPUT    | LVCMOS33             |       | 12       | SLOW |              |          |          |
| o_ram_cre                          | IOB              | OUTPUT    | LVCMOS33             |       | 12       | SLOW |              |          |          |
| o_ram_lb_neg                       | IOB              | OUTPUT    | LVCMOS33             |       | 12       | SLOW |              |          |          |
| o_ram_oe_neg                       | IOB              | OUTPUT    | LVCMOS33             |       | 12       | SLOW |              |          |          |
| o_ram_ub_neg                       | IOB              | OUTPUT    | LVCMOS33             |       | 12       | SLOW |              |          |          |
| o_ram_we_neg                       | IOB              | OUTPUT    | LVCMOS33             |       | 12       | SLOW |              |          |          |
| o_red<0>                           | IOB              | OUTPUT    | LVCMOS33             |       | 12       | SLOW |              |          |          |
| o_red<1>                           | IOB              | OUTPUT    | LVCMOS33             |       | 12       | SLOW |              |          |          |
| o_red<2>                           | IOB              | OUTPUT    | LVCMOS33             |       | 12       | SLOW |              |          |          |
| o_reset_key                        | IOB              | OUTPUT    | LVCMOS33             |       | 12       | SLOW |              |          |          |
| o_serve                            | IOB              | OUTPUT    | LVCMOS33             |       | 12       | SLOW |              |          |          |
| o_v_sync                           | IOB              | OUTPUT    | LVCMOS33             |       | 12       | SLOW |              |          |          |
| reset                              | IOB              | INPUT     | LVCMOS33             |       |          |      |              |          |          |
+---------------------------------------------------------------------------------------------------------------------------------------------------------+

Section 7 - RPMs
----------------

Section 8 - Guide Report
------------------------
Guide not run on this design.

Section 9 - Area Group and Partition Summary
--------------------------------------------

Partition Implementation Status
-------------------------------

  No Partitions were found in this design.

-------------------------------

Area Group Information
----------------------

  No area groups were found in this design.

----------------------

Section 10 - Timing Report
--------------------------
A logic-level (pre-route) timing report can be generated by using Xilinx static
timing analysis tools, Timing Analyzer (GUI) or TRCE (command line), with the
mapped NCD and PCF files. Please note that this timing report will be generated
using estimated delay information. For accurate numbers, please generate a
timing report with the post Place and Route NCD file.

For more information about the Timing Analyzer, consult the Xilinx Timing
Analyzer Reference Manual; for more information about TRCE, consult the Xilinx
Command Line Tools User Guide "TRACE" chapter.

Section 11 - Configuration String Details
-----------------------------------------
Use the "-detail" map option to print out Configuration Strings

Section 12 - Control Set Information
------------------------------------
Use the "-detail" map option to print out Control Set Information.

Section 13 - Utilization by Hierarchy
-------------------------------------
Use the "-detail" map option to print out the Utilization by Hierarchy section.
